Arguments: 
  C:\Program Files\nodejs\node.exe C:\Users\Bart van Keersop\AppData\Roaming\npm\node_modules\yarn\bin\yarn.js add @angular/material @angular/cdk

PATH: 
  C:\Program Files\Docker\Docker\Resources\bin;C:\ProgramData\Oracle\Java\javapath;C:\WINDOWS\system32;C:\WINDOWS;C:\WINDOWS\System32\Wbem;C:\WINDOWS\System32\WindowsPowerShell\v1.0\;C:\Program Files\PuTTY\;C:\Program Files (x86)\GtkSharp\2.12\bin;C:\Program Files (x86)\Skype\Phone\;C:\Program Files\nodejs\;C:\Program Files\Git\cmd;C:\Program Files\apache-maven-3.5.2\bin;C:\Users\Bart van Keersop\AppData\Local\Microsoft\WindowsApps;C:\Users\Bart van Keersop\AppData\Roaming\Dashlane\4.8.6.35647\bin\Firefox_Extension\{442718d9-475e-452a-b3e1-fb1ee16b8e9f}\components;C:\Users\Bart van Keersop\AppData\Roaming\Dashlane\4.8.6.35647\ucrt;C:\Users\Bart van Keersop\AppData\Local\GitHubDesktop\bin;C:\Users\Bart van Keersop\AppData\Roaming\npm;C:\Program Files\Microsoft VS Code\bin;C:\Users\Bart van Keersop\AppData\Local\Microsoft\WindowsApps;C:\Users\Bart van Keersop\AppData\Roaming\Dashlane\5.8.0.17084\bin\Firefox_Extension\{442718d9-475e-452a-b3e1-fb1ee16b8e9f}\components;C:\Users\Bart van Keersop\AppData\Roaming\Dashlane\5.8.0.17084\ucrt;C:\Users\Bart van Keersop\AppData\Roaming\Dashlane\5.10.0.18444\bin\Firefox_Extension\{442718d9-475e-452a-b3e1-fb1ee16b8e9f}\components;C:\Users\Bart van Keersop\AppData\Roaming\Dashlane\5.10.0.18444\ucrt

Yarn version: 
  1.5.1

Node version: 
  6.11.4

Platform: 
  win32 x64

npm manifest: 
  {
    "name": "kwetter-frontend",
    "version": "0.0.0",
    "license": "MIT",
    "angular-cli": {},
    "scripts": {
      "ng": "ng",
      "start": "ng serve",
      "test": "ng test",
      "pree2e": "webdriver-manager update --standalone false --gecko false",
      "e2e": "protractor"
    },
    "private": true,
    "dependencies": {
      "@angular/animations": "^5.2.9",
      "@angular/cdk": "^5.2.4",
      "@angular/common": "^5.2.9",
      "@angular/compiler": "^5.2.9",
      "@angular/compiler-cli": "^5.2.9",
      "@angular/core": "^5.2.9",
      "@angular/forms": "^5.2.9",
      "@angular/http": "^5.2.9",
      "@angular/material": "^5.2.4",
      "@angular/platform-browser": "^5.2.9",
      "@angular/platform-browser-dynamic": "^5.2.9",
      "@angular/platform-server": "^5.2.9",
      "@angular/router": "^5.2.9",
      "core-js": "^2.4.1",
      "hammerjs": "^2.0.8",
      "rxjs": "^5.0.1",
      "ts-helpers": "^1.1.1",
      "typescript": "^2.8.1",
      "zone.js": "^0.7.2"
    },
    "devDependencies": {
      "@angular/compiler-cli": "^2.3.1",
      "@types/hammerjs": "^2.0.35",
      "@types/jasmine": "2.5.38",
      "@types/node": "^6.0.42",
      "angular-cli": "1.0.0-beta.28.3",
      "codelyzer": "~2.0.0-beta.1",
      "jasmine-core": "2.5.2",
      "jasmine-spec-reporter": "2.5.0",
      "karma": "1.2.0",
      "karma-chrome-launcher": "^2.0.0",
      "karma-cli": "^1.0.1",
      "karma-jasmine": "^1.0.2",
      "karma-remap-istanbul": "^0.2.1",
      "protractor": "~4.0.13",
      "ts-node": "1.2.1",
      "tslint": "^4.3.0",
      "typescript": "~2.0.3"
    }
  }

yarn manifest: 
  No manifest

Lockfile: 
  No lockfile

Trace: 
  Error: Found incompatible module
      at MessageError.Error (native)
      at new MessageError (C:\Users\Bart van Keersop\AppData\Roaming\npm\node_modules\yarn\lib\cli.js:186:110)
      at checkOne (C:\Users\Bart van Keersop\AppData\Roaming\npm\node_modules\yarn\lib\cli.js:62444:11)
      at Object.check (C:\Users\Bart van Keersop\AppData\Roaming\npm\node_modules\yarn\lib\cli.js:62463:5)
      at C:\Users\Bart van Keersop\AppData\Roaming\npm\node_modules\yarn\lib\cli.js:22803:73
      at next (native)
      at step (C:\Users\Bart van Keersop\AppData\Roaming\npm\node_modules\yarn\lib\cli.js:98:30)
      at C:\Users\Bart van Keersop\AppData\Roaming\npm\node_modules\yarn\lib\cli.js:109:13
